2026-01-19 17:54:11 - src.core.analyzer.analyzer_util - INFO - Skipping file test.js in project test_project
2026-01-19 17:54:11 - src.core.analyzer.analyzer_util - INFO - Skipping file test.html in project test_project
2026-01-19 17:54:11 - src.core.report.project.project_statistics - INFO - No README files found for theme extraction in project Unknown Project
2026-01-19 17:54:11 - src.core.report.project.project_statistics - INFO - No README files found for theme extraction in project Unknown Project
2026-01-19 17:54:11 - src.core.report.project.project_statistics - INFO - No README files found for theme extraction in project Project1
2026-01-19 17:54:11 - src.core.report.project.project_statistics - INFO - No README files found for theme extraction in project Project2
2026-01-19 17:54:11 - src.core.report.project.project_statistics - INFO - No README files found for theme extraction in project Project1
2026-01-19 17:54:11 - src.core.report.project.project_statistics - INFO - No README files found for theme extraction in project Project2
2026-01-19 17:54:11 - src.core.report.project.project_statistics - INFO - No README files found for theme extraction in project Project1
2026-01-19 17:54:11 - src.core.report.project.project_statistics - INFO - No README files found for theme extraction in project Project2
2026-01-19 17:54:11 - src.core.report.project.project_statistics - INFO - No README files found for theme extraction in project Project1
2026-01-19 17:54:11 - src.core.report.project.project_statistics - INFO - No README files found for theme extraction in project Project2
2026-01-19 17:54:11 - src.core.report.project.project_statistics - INFO - No README files found for theme extraction in project Project1
2026-01-19 17:54:11 - src.core.report.project.project_statistics - INFO - No README files found for theme extraction in project Project2
2026-01-19 17:54:11 - src.infrastructure.database.utils.database_access - ERROR - Error: No project found with name "does-not-exist"
2026-01-19 17:54:11 - src.core.report.project.project_statistics - INFO - No README files found for theme extraction in project Project1
2026-01-19 17:54:11 - src.core.report.project.project_statistics - INFO - No README files found for theme extraction in project Project2
2026-01-19 17:54:11 - src.core.report.project.project_statistics - INFO - No README files found for theme extraction in project Unknown Project
2026-01-19 17:54:11 - src.core.report.project.project_statistics - INFO - No README files found for theme extraction in project Project1
2026-01-19 17:54:11 - src.core.report.project.project_statistics - INFO - No README files found for theme extraction in project Project2
2026-01-19 17:54:11 - src.core.report.project.project_statistics - INFO - No README files found for theme extraction in project Unknown Project
2026-01-19 17:54:11 - src.core.report.project.project_statistics - INFO - No README files found for theme extraction in project Unknown Project
2026-01-19 17:54:11 - src.infrastructure.database.utils.database_access - ERROR - Error: Multiple projects found with name "fileReport"
2026-01-19 17:54:12 - src.core.report.project.project_statistics - INFO - No README files found for theme extraction in project Project1
2026-01-19 17:54:12 - src.core.report.project.project_statistics - INFO - No README files found for theme extraction in project Project2
2026-01-19 17:54:12 - src.core.report.project.project_statistics - INFO - No README files found for theme extraction in project Project1
2026-01-19 17:54:12 - src.core.report.project.project_statistics - INFO - No README files found for theme extraction in project Project2
2026-01-19 17:54:12 - src.core.report.project.project_statistics - INFO - No README files found for theme extraction in project Project1
2026-01-19 17:54:12 - src.core.report.project.project_statistics - INFO - No README files found for theme extraction in project Project2
2026-01-19 17:54:12 - src.core.report.project.project_statistics - INFO - No README files found for theme extraction in project Project1
2026-01-19 17:54:12 - src.core.report.project.project_statistics - INFO - No README files found for theme extraction in project Project2
2026-01-19 17:54:12 - src.core.report.project.project_statistics - INFO - No README files found for theme extraction in project Project1
2026-01-19 17:54:12 - src.core.report.project.project_statistics - INFO - No README files found for theme extraction in project Project2
2026-01-19 17:54:12 - src.core.report.project.project_statistics - INFO - No README files found for theme extraction in project Project1
2026-01-19 17:54:12 - src.core.report.project.project_statistics - INFO - No README files found for theme extraction in project Project2
2026-01-19 17:54:12 - src.core.report.project.project_statistics - INFO - No README files found for theme extraction in project Project1
2026-01-19 17:54:12 - src.core.report.project.project_statistics - INFO - No README files found for theme extraction in project Project2
2026-01-19 17:54:12 - src.core.project_discovery.project_discovery - INFO - Directory /tmp/pytest-of-vscode/pytest-24/test_discover_multiple_project0/extracted/Assignment2 is a project.
2026-01-19 17:54:12 - src.core.project_discovery.project_discovery - INFO - Directory /tmp/pytest-of-vscode/pytest-24/test_discover_multiple_project0/extracted/Assignment1 is a project.
2026-01-19 17:54:12 - src.core.project_discovery.project_discovery - INFO - Directory /tmp/pytest-of-vscode/pytest-24/test_discover_multiple_project0/extracted/FinalProject is a project.
2026-01-19 17:54:12 - src.core.project_discovery.project_discovery - INFO - Directory /tmp/pytest-of-vscode/pytest-24/test_discover_git_projects0/SoloProject is a project.
2026-01-19 17:54:12 - src.core.project_discovery.project_discovery - INFO - Directory /tmp/pytest-of-vscode/pytest-24/test_discover_git_projects0/TeamProject is a project.
2026-01-19 17:54:12 - src.core.report.project.project_statistics - INFO - No README files found for theme extraction in project SoloProject
2026-01-19 17:54:12 - src.core.report.project.project_statistics - INFO - No README files found for theme extraction in project TeamProject
2026-01-19 17:54:12 - src.core.project_discovery.project_discovery - INFO - Directory /tmp/pytest-of-vscode/pytest-24/test_no_git_projects0/nogit_extracted/BasicProject is a project.
2026-01-19 17:54:12 - src.core.report.project.project_statistics - INFO - No README files found for theme extraction in project BasicProject
2026-01-19 17:54:12 - src.core.project_discovery.project_discovery - INFO - Directory /tmp/pytest-of-vscode/pytest-24/test_mac_zip_structure0/mac_extracted/Projects is NOT a project. Iterating through it's subfolders...
2026-01-19 17:54:12 - src.core.project_discovery.project_discovery - INFO - Directory /tmp/pytest-of-vscode/pytest-24/test_mac_zip_structure0/mac_extracted/Projects/ProjectA is a project.
2026-01-19 17:54:12 - src.core.project_discovery.project_discovery - INFO - Directory /tmp/pytest-of-vscode/pytest-24/test_mac_zip_structure0/mac_extracted/Projects/ProjectB is a project.
2026-01-19 17:54:12 - src.core.report.project.project_statistics - INFO - No README files found for theme extraction in project SoloProject
2026-01-19 17:54:12 - src.core.report.project.project_statistics - INFO - No README files found for theme extraction in project TeamProject
2026-01-19 17:54:19 - src.core.ML.models.readme_analysis.readme_insights - INFO - Single README detected; using keyphrase fallback for themes
2026-01-19 17:54:19 - src.core.ML.models.readme_analysis.readme_insights - INFO - Single README detected; using keyphrase fallback for themes
2026-01-19 17:54:19 - src.core.analyzer.analyzer_util - INFO - Skipping file app/main.py in project RealisticProject
2026-01-19 17:54:19 - src.core.analyzer.analyzer_util - INFO - Skipping file scripts/bootstrap.sh in project RealisticProject
2026-01-19 17:54:24 - src.core.ML.models.readme_analysis.readme_insights - INFO - Single README detected; using keyphrase fallback for themes
2026-01-19 17:54:24 - src.core.report.project.project_statistics - INFO - No README files found for theme extraction in project Unknown Project
2026-01-19 17:54:24 - src.core.report.project.project_statistics - INFO - No README files found for theme extraction in project Unknown Project
2026-01-19 17:54:24 - src.core.report.project.project_statistics - INFO - No README files found for theme extraction in project Unknown Project
2026-01-19 17:54:24 - src.core.report.project.project_statistics - INFO - No README files found for theme extraction in project Unknown Project
2026-01-19 17:54:24 - src.core.report.project.project_statistics - INFO - No README files found for theme extraction in project Unknown Project
2026-01-19 17:54:24 - src.core.report.project.project_statistics - INFO - No README files found for theme extraction in project Unknown Project
2026-01-19 17:54:24 - src.core.report.project.project_statistics - INFO - No README files found for theme extraction in project Unknown Project
2026-01-19 17:54:24 - src.core.report.project.project_statistics - INFO - No README files found for theme extraction in project Unknown Project
2026-01-19 17:54:24 - src.core.report.project.project_statistics - INFO - No README files found for theme extraction in project SoloProject
2026-01-19 17:54:24 - src.core.report.project.project_statistics - INFO - No README files found for theme extraction in project TeamProject
2026-01-19 17:54:24 - src.core.report.project.project_statistics - INFO - No README files found for theme extraction in project UnequalProject
2026-01-19 17:54:24 - src.core.report.project.project_statistics - INFO - No README files found for theme extraction in project UnequalProject
2026-01-19 17:54:24 - src.core.report.project.project_statistics - INFO - No README files found for theme extraction in project TeamProject
2026-01-19 17:54:24 - src.core.report.project.project_statistics - INFO - No README files found for theme extraction in project SoloProject
2026-01-19 17:54:24 - src.core.report.project.project_statistics - INFO - No README files found for theme extraction in project TeamProject
2026-01-19 17:54:24 - src.core.report.project.project_statistics - INFO - No README files found for theme extraction in project NonexistentProject
2026-01-19 17:54:24 - src.core.report.project.project_statistics - INFO - No README files found for theme extraction in project AnyProject
2026-01-19 17:54:24 - src.core.report.project.project_statistics - INFO - No README files found for theme extraction in project NoGitProject
2026-01-19 17:54:24 - src.core.report.project.project_statistics - INFO - No README files found for theme extraction in project SoloProject
2026-01-19 17:54:24 - src.core.report.project.project_statistics - INFO - No README files found for theme extraction in project SharedFile
2026-01-19 17:54:25 - src.core.report.project.project_statistics - INFO - No README files found for theme extraction in project EmptyRepo
2026-01-19 17:54:25 - src.core.report.project.project_statistics - INFO - No README files found for theme extraction in project RoundingProject
2026-01-19 17:54:25 - src.core.report.project.project_statistics - INFO - No README files found for theme extraction in project TeamProject
2026-01-19 17:54:25 - src.core.analyzer.analyzer_util - INFO - Skipping file fileA.py in project SelectiveProject
2026-01-19 17:54:25 - src.core.report.project.project_statistics - INFO - No README files found for theme extraction in project SelectiveProject
2026-01-19 17:54:25 - src.core.analyzer.analyzer_util - INFO - Skipping file fileA.py in project NoContributionProject
2026-01-19 17:54:25 - src.core.analyzer.analyzer_util - INFO - Skipping file fileB.py in project NoContributionProject
2026-01-19 17:54:25 - src.core.report.project.project_statistics - INFO - No README files found for theme extraction in project NoContributionProject
2026-01-19 17:54:25 - src.core.report.project.project_statistics - INFO - No README files found for theme extraction in project SingleAuthorProject
2026-01-19 17:54:25 - src.core.analyzer.analyzer_util - INFO - Skipping file fileB.py in project ThreeWayProject
2026-01-19 17:54:25 - src.core.analyzer.analyzer_util - INFO - Skipping file fileC.py in project ThreeWayProject
2026-01-19 17:54:25 - src.core.report.project.project_statistics - INFO - No README files found for theme extraction in project ThreeWayProject
2026-01-19 17:54:25 - src.core.report.project.project_statistics - INFO - README path not found for themes: Unknown Path/README.md
2026-01-19 17:54:25 - src.core.report.project.project_statistics - INFO - No README files found for theme extraction in project ProjectTagsTest
2026-01-19 17:54:27 - src.core.report.project.project_statistics - INFO - README path not found for themes: Unknown Path/README.md
2026-01-19 17:54:27 - src.core.report.project.project_statistics - INFO - No README files found for theme extraction in project ProjectTagsTest
2026-01-19 17:54:27 - src.core.ML.models.readme_analysis.readme_insights - INFO - Single README detected; using keyphrase fallback for themes
2026-01-19 17:54:27 - src.core.project_discovery.project_discovery - INFO - Directory /tmp/artifact_miner_6roohg0s/bayesian-scRNAseq-label-transfer is a project.
2026-01-19 17:55:11 - src.core.ML.models.readme_analysis.readme_insights - ERROR - Failed to extract BERTopic themes for README corpus
Traceback (most recent call last):
  File "/workspaces/capstone-project-team-18/src/ML/models/readme_analysis/readme_insights.py", line 155, in extract_readme_themes_bulk
    topics, _ = model.fit_transform(texts)
                ^^^^^^^^^^^^^^^^^^^^^^^^^^
  File "/home/vscode/.local/lib/python3.12/site-packages/bertopic/_bertopic.py", line 477, in fit_transform
    umap_embeddings = self._reduce_dimensionality(embeddings, y)
                      ^^^^^^^^^^^^^^^^^^^^^^^^^^^^^^^^^^^^^^^^^^
  File "/home/vscode/.local/lib/python3.12/site-packages/bertopic/_bertopic.py", line 3944, in _reduce_dimensionality
    umap_embeddings = self.umap_model.fit_transform(embeddings, y=y)
                      ^^^^^^^^^^^^^^^^^^^^^^^^^^^^^^^^^^^^^^^^^^^^^^
  File "/home/vscode/.local/lib/python3.12/site-packages/umap/umap_.py", line 2935, in fit_transform
    self.fit(X, y, ensure_all_finite, **kwargs)
  File "/home/vscode/.local/lib/python3.12/site-packages/umap/umap_.py", line 2817, in fit
    self.embedding_, aux_data = self._fit_embed_data(
                                ^^^^^^^^^^^^^^^^^^^^^
  File "/home/vscode/.local/lib/python3.12/site-packages/umap/umap_.py", line 2872, in _fit_embed_data
    return simplicial_set_embedding(
           ^^^^^^^^^^^^^^^^^^^^^^^^^
  File "/home/vscode/.local/lib/python3.12/site-packages/umap/umap_.py", line 1089, in simplicial_set_embedding
    graph.data[graph.data < (graph.data.max() / float(n_epochs_max))] = 0.0
                             ^^^^^^^^^^^^^^^^
  File "/home/vscode/.local/lib/python3.12/site-packages/numpy/_core/_methods.py", line 43, in _amax
    return umr_maximum(a, axis, None, out, keepdims, initial, where)
           ^^^^^^^^^^^^^^^^^^^^^^^^^^^^^^^^^^^^^^^^^^^^^^^^^^^^^^^^^
ValueError: zero-size array to reduction operation maximum which has no identity
2026-01-19 17:55:11 - src.core.report.project.project_statistics - INFO - README theme extraction returned no themes for 2/2 documents in bayesian-scRNAseq-label-transfer
2026-01-19 17:55:11 - src.core.project_discovery.project_discovery - INFO - Directory /tmp/artifact_miner_nvb8n5zl/bayesian-scRNAseq-label-transfer is a project.
2026-01-19 17:55:11 - src.core.analyzer.analyzer_util - INFO - Skipping file README.md in project bayesian-scRNAseq-label-transfer
2026-01-19 17:55:11 - src.core.analyzer.analyzer_util - INFO - Skipping file R/affix_ontogeny_labels.R in project bayesian-scRNAseq-label-transfer
2026-01-19 17:55:11 - src.core.analyzer.analyzer_util - INFO - Skipping file R/nearest_neighbors.R in project bayesian-scRNAseq-label-transfer
2026-01-19 17:55:11 - src.core.analyzer.analyzer_util - INFO - Skipping file R/bayesian_label_transfer_ontogeny.R in project bayesian-scRNAseq-label-transfer
2026-01-19 17:55:11 - src.core.analyzer.analyzer_util - INFO - Skipping file tutorial/tutorial_functions.R in project bayesian-scRNAseq-label-transfer
2026-01-19 17:55:11 - src.core.analyzer.analyzer_util - INFO - Skipping file tutorial/README.md in project bayesian-scRNAseq-label-transfer
2026-01-19 17:55:11 - src.core.analyzer.analyzer_util - INFO - Skipping file tutorial/tutorial.R in project bayesian-scRNAseq-label-transfer
2026-01-19 17:55:11 - src.core.report.project.project_statistics - INFO - No README files found for theme extraction in project bayesian-scRNAseq-label-transfer
2026-01-19 17:55:11 - src.core.project_discovery.project_discovery - INFO - Directory /tmp/artifact_miner_ty8hc4bu/bayesian-scRNAseq-label-transfer is a project.
2026-01-19 17:55:31 - src.core.ML.models.readme_analysis.readme_insights - ERROR - Failed to extract BERTopic themes for README corpus
Traceback (most recent call last):
  File "/workspaces/capstone-project-team-18/src/ML/models/readme_analysis/readme_insights.py", line 155, in extract_readme_themes_bulk
    topics, _ = model.fit_transform(texts)
                ^^^^^^^^^^^^^^^^^^^^^^^^^^
  File "/home/vscode/.local/lib/python3.12/site-packages/bertopic/_bertopic.py", line 477, in fit_transform
    umap_embeddings = self._reduce_dimensionality(embeddings, y)
                      ^^^^^^^^^^^^^^^^^^^^^^^^^^^^^^^^^^^^^^^^^^
  File "/home/vscode/.local/lib/python3.12/site-packages/bertopic/_bertopic.py", line 3944, in _reduce_dimensionality
    umap_embeddings = self.umap_model.fit_transform(embeddings, y=y)
                      ^^^^^^^^^^^^^^^^^^^^^^^^^^^^^^^^^^^^^^^^^^^^^^
  File "/home/vscode/.local/lib/python3.12/site-packages/umap/umap_.py", line 2935, in fit_transform
    self.fit(X, y, ensure_all_finite, **kwargs)
  File "/home/vscode/.local/lib/python3.12/site-packages/umap/umap_.py", line 2817, in fit
    self.embedding_, aux_data = self._fit_embed_data(
                                ^^^^^^^^^^^^^^^^^^^^^
  File "/home/vscode/.local/lib/python3.12/site-packages/umap/umap_.py", line 2872, in _fit_embed_data
    return simplicial_set_embedding(
           ^^^^^^^^^^^^^^^^^^^^^^^^^
  File "/home/vscode/.local/lib/python3.12/site-packages/umap/umap_.py", line 1089, in simplicial_set_embedding
    graph.data[graph.data < (graph.data.max() / float(n_epochs_max))] = 0.0
                             ^^^^^^^^^^^^^^^^
  File "/home/vscode/.local/lib/python3.12/site-packages/numpy/_core/_methods.py", line 43, in _amax
    return umr_maximum(a, axis, None, out, keepdims, initial, where)
           ^^^^^^^^^^^^^^^^^^^^^^^^^^^^^^^^^^^^^^^^^^^^^^^^^^^^^^^^^
ValueError: zero-size array to reduction operation maximum which has no identity
2026-01-19 17:55:31 - src.core.report.project.project_statistics - INFO - README theme extraction returned no themes for 2/2 documents in bayesian-scRNAseq-label-transfer
2026-01-19 17:55:31 - src.core.report.project.project_statistics - INFO - No README files found for theme extraction in project Unknown Project
2026-01-19 17:55:31 - src.core.report.project.project_statistics - INFO - No README files found for theme extraction in project Unknown Project
2026-01-19 17:55:31 - src.core.report.project.project_statistics - INFO - No README files found for theme extraction in project Unknown Project
2026-01-19 17:55:31 - src.core.report.project.project_statistics - INFO - No README files found for theme extraction in project Unknown Project
2026-01-19 17:55:31 - src.services.mining_service - INFO - Starting analysis for the zipped file
2026-01-19 17:55:31 - src.utils.pathing_utils - INFO - Extracting archive bytes using temporary file: /tmp/tmpc7pf0bo1.zip
2026-01-19 17:55:31 - src.core.project_discovery.project_discovery - INFO - Directory /tmp/artifact_miner_2n1qpgk2/Projects is NOT a project. Iterating through it's subfolders...
2026-01-19 17:55:31 - src.core.project_discovery.project_discovery - INFO - Directory /tmp/artifact_miner_2n1qpgk2/Projects/ProjectA is a project.
2026-01-19 17:55:31 - src.core.project_discovery.project_discovery - INFO - Directory /tmp/artifact_miner_2n1qpgk2/Projects/ProjectB is a project.
2026-01-19 17:55:31 - src.core.report.project.project_statistics - INFO - No README files found for theme extraction in project ProjectA
2026-01-19 17:55:31 - src.core.report.project.project_statistics - INFO - No README files found for theme extraction in project ProjectB
2026-01-19 17:55:31 - src.services.mining_service - INFO - Starting analysis for the zipped file
2026-01-19 17:55:31 - src.utils.pathing_utils - INFO - Extracting archive bytes using temporary file: /tmp/tmp_r0m_4uz.zip
2026-01-19 17:55:31 - src.core.project_discovery.project_discovery - INFO - Directory /tmp/artifact_miner_jdf5v0_2/empty_project is NOT a project. Iterating through it's subfolders...
2026-01-19 17:55:31 - src.services.mining_service - INFO - Starting analysis for the zipped file
2026-01-19 17:55:31 - src.utils.pathing_utils - INFO - Extracting archive bytes using temporary file: /tmp/tmpijde68lo.zip
2026-01-19 17:55:31 - src.core.project_discovery.project_discovery - INFO - Directory /tmp/artifact_miner__9vyob46/bayesian-scRNAseq-label-transfer is a project.
2026-01-19 17:55:31 - src.core.analyzer.analyzer_util - INFO - Skipping file README.md in project bayesian-scRNAseq-label-transfer
2026-01-19 17:55:31 - src.core.analyzer.analyzer_util - INFO - Skipping file R/affix_ontogeny_labels.R in project bayesian-scRNAseq-label-transfer
2026-01-19 17:55:31 - src.core.analyzer.analyzer_util - INFO - Skipping file R/nearest_neighbors.R in project bayesian-scRNAseq-label-transfer
2026-01-19 17:55:31 - src.core.analyzer.analyzer_util - INFO - Skipping file R/bayesian_label_transfer_ontogeny.R in project bayesian-scRNAseq-label-transfer
2026-01-19 17:55:31 - src.core.analyzer.analyzer_util - INFO - Skipping file tutorial/tutorial_functions.R in project bayesian-scRNAseq-label-transfer
2026-01-19 17:55:31 - src.core.analyzer.analyzer_util - INFO - Skipping file tutorial/README.md in project bayesian-scRNAseq-label-transfer
2026-01-19 17:55:31 - src.core.analyzer.analyzer_util - INFO - Skipping file tutorial/tutorial.R in project bayesian-scRNAseq-label-transfer
2026-01-19 17:55:31 - src.utils.pathing_utils - INFO - Using py7zr fallback for .7z extraction
2026-01-19 17:55:31 - src.utils.pathing_utils - INFO - Extracting archive bytes using temporary file: /tmp/tmpu96az8zf.zip
2026-01-19 17:55:31 - src.utils.pathing_utils - INFO - Extracting archive bytes using temporary file: /tmp/tmp801142ck.tar.gz
2026-01-19 17:55:31 - src.utils.pathing_utils - INFO - Extracting archive bytes using temporary file: /tmp/tmpisixzagh.7z
2026-01-19 17:55:31 - src.utils.pathing_utils - INFO - Using py7zr fallback for .7z extraction
2026-01-19 19:11:20 - src.core.analyzer.analyzer_util - INFO - Skipping file test.js in project test_project
2026-01-19 19:11:20 - src.core.analyzer.analyzer_util - INFO - Skipping file test.html in project test_project
2026-01-19 19:11:20 - src.core.report.project.project_statistics - INFO - No README files found for theme extraction in project Unknown Project
2026-01-19 19:11:20 - src.core.report.project.project_statistics - INFO - No README files found for theme extraction in project Unknown Project
2026-01-19 19:11:20 - src.core.report.project.project_statistics - INFO - No README files found for theme extraction in project Project1
2026-01-19 19:11:20 - src.core.report.project.project_statistics - INFO - No README files found for theme extraction in project Project2
2026-01-19 19:11:20 - src.core.report.project.project_statistics - INFO - No README files found for theme extraction in project Project1
2026-01-19 19:11:20 - src.core.report.project.project_statistics - INFO - No README files found for theme extraction in project Project2
2026-01-19 19:11:20 - src.core.report.project.project_statistics - INFO - No README files found for theme extraction in project Project1
2026-01-19 19:11:20 - src.core.report.project.project_statistics - INFO - No README files found for theme extraction in project Project2
2026-01-19 19:11:20 - src.core.report.project.project_statistics - INFO - No README files found for theme extraction in project Project1
2026-01-19 19:11:20 - src.core.report.project.project_statistics - INFO - No README files found for theme extraction in project Project2
2026-01-19 19:11:20 - src.infrastructure.database.utils.database_access - INFO - Building ProjectReport obj for project with name Project2
2026-01-19 19:11:20 - src.core.report.project.project_statistics - INFO - No README files found for theme extraction in project Project1
2026-01-19 19:11:20 - src.core.report.project.project_statistics - INFO - No README files found for theme extraction in project Project2
2026-01-19 19:11:20 - src.core.report.project.project_statistics - INFO - No README files found for theme extraction in project Project1
2026-01-19 19:11:20 - src.core.report.project.project_statistics - INFO - No README files found for theme extraction in project Project2
2026-01-19 19:11:20 - src.core.report.project.project_statistics - INFO - No README files found for theme extraction in project Unknown Project
2026-01-19 19:11:20 - src.infrastructure.database.utils.database_access - INFO - Building ProjectReport obj for project with name noFileReports
2026-01-19 19:11:20 - src.core.report.project.project_statistics - INFO - No README files found for theme extraction in project Project1
2026-01-19 19:11:20 - src.core.report.project.project_statistics - INFO - No README files found for theme extraction in project Project2
2026-01-19 19:11:20 - src.core.report.project.project_statistics - INFO - No README files found for theme extraction in project Unknown Project
2026-01-19 19:11:20 - src.core.report.project.project_statistics - INFO - No README files found for theme extraction in project Unknown Project
2026-01-19 19:11:20 - src.core.report.project.project_statistics - INFO - No README files found for theme extraction in project Project1
2026-01-19 19:11:20 - src.core.report.project.project_statistics - INFO - No README files found for theme extraction in project Project2
2026-01-19 19:11:21 - src.infrastructure.database.utils.database_access - INFO - Building ProjectReport obj for project with name Project1
2026-01-19 19:11:21 - src.infrastructure.database.utils.database_access - INFO - Building ProjectReport obj for project with name Project2
2026-01-19 19:11:21 - src.infrastructure.database.utils.database_access - INFO - Building ProjectReport obj for project with name proj
2026-01-19 19:11:21 - src.core.report.project.project_statistics - INFO - No README files found for theme extraction in project Project1
2026-01-19 19:11:21 - src.core.report.project.project_statistics - INFO - No README files found for theme extraction in project Project2
2026-01-19 19:11:21 - src.infrastructure.database.utils.database_access - INFO - Building ProjectReport obj for project with name Project2
2026-01-19 19:11:21 - src.infrastructure.database.utils.database_access - INFO - Building ProjectReport obj for project with name Project1
2026-01-19 19:11:21 - src.core.report.project.project_statistics - INFO - No README files found for theme extraction in project Project1
2026-01-19 19:11:21 - src.core.report.project.project_statistics - INFO - No README files found for theme extraction in project Project2
2026-01-19 19:11:21 - src.core.report.project.project_statistics - INFO - No README files found for theme extraction in project Project1
2026-01-19 19:11:21 - src.core.report.project.project_statistics - INFO - No README files found for theme extraction in project Project2
2026-01-19 19:11:21 - src.core.report.project.project_statistics - INFO - No README files found for theme extraction in project Project1
2026-01-19 19:11:21 - src.core.report.project.project_statistics - INFO - No README files found for theme extraction in project Project2
2026-01-19 19:11:21 - src.core.report.project.project_statistics - INFO - No README files found for theme extraction in project Project1
2026-01-19 19:11:21 - src.core.report.project.project_statistics - INFO - No README files found for theme extraction in project Project2
2026-01-19 19:11:21 - src.core.report.project.project_statistics - INFO - No README files found for theme extraction in project Project1
2026-01-19 19:11:21 - src.core.report.project.project_statistics - INFO - No README files found for theme extraction in project Project2
2026-01-19 19:11:21 - src.core.project_discovery.project_discovery - INFO - Directory /tmp/pytest-of-vscode/pytest-26/test_discover_multiple_project0/extracted/Assignment2 is a project.
2026-01-19 19:11:21 - src.core.project_discovery.project_discovery - INFO - Directory /tmp/pytest-of-vscode/pytest-26/test_discover_multiple_project0/extracted/Assignment1 is a project.
2026-01-19 19:11:22 - src.core.project_discovery.project_discovery - INFO - Directory /tmp/pytest-of-vscode/pytest-26/test_discover_multiple_project0/extracted/FinalProject is a project.
2026-01-19 19:11:22 - src.core.project_discovery.project_discovery - INFO - Directory /tmp/pytest-of-vscode/pytest-26/test_discover_git_projects0/SoloProject is a project.
2026-01-19 19:11:22 - src.core.project_discovery.project_discovery - INFO - Directory /tmp/pytest-of-vscode/pytest-26/test_discover_git_projects0/TeamProject is a project.
2026-01-19 19:11:22 - src.core.report.project.project_statistics - INFO - No README files found for theme extraction in project SoloProject
2026-01-19 19:11:22 - src.core.report.project.project_statistics - INFO - No README files found for theme extraction in project TeamProject
2026-01-19 19:11:22 - src.core.project_discovery.project_discovery - INFO - Directory /tmp/pytest-of-vscode/pytest-26/test_no_git_projects0/nogit_extracted/BasicProject is a project.
2026-01-19 19:11:22 - src.core.report.project.project_statistics - INFO - No README files found for theme extraction in project BasicProject
2026-01-19 19:11:22 - src.core.project_discovery.project_discovery - INFO - Directory /tmp/pytest-of-vscode/pytest-26/test_mac_zip_structure0/mac_extracted/Projects is NOT a project. Iterating through it's subfolders...
2026-01-19 19:11:22 - src.core.project_discovery.project_discovery - INFO - Directory /tmp/pytest-of-vscode/pytest-26/test_mac_zip_structure0/mac_extracted/Projects/ProjectA is a project.
2026-01-19 19:11:22 - src.core.project_discovery.project_discovery - INFO - Directory /tmp/pytest-of-vscode/pytest-26/test_mac_zip_structure0/mac_extracted/Projects/ProjectB is a project.
2026-01-19 19:11:22 - src.core.report.project.project_statistics - INFO - No README files found for theme extraction in project SoloProject
2026-01-19 19:11:22 - src.core.report.project.project_statistics - INFO - No README files found for theme extraction in project TeamProject
2026-01-19 19:11:28 - src.core.ML.models.readme_analysis.readme_insights - INFO - Single README detected; using keyphrase fallback for themes
2026-01-19 19:11:28 - src.core.ML.models.readme_analysis.readme_insights - INFO - Single README detected; using keyphrase fallback for themes
2026-01-19 19:11:28 - src.core.analyzer.analyzer_util - INFO - Skipping file app/main.py in project RealisticProject
2026-01-19 19:11:28 - src.core.analyzer.analyzer_util - INFO - Skipping file scripts/bootstrap.sh in project RealisticProject
2026-01-19 19:11:31 - src.core.ML.models.readme_analysis.readme_insights - INFO - Single README detected; using keyphrase fallback for themes
2026-01-19 19:11:31 - src.core.report.project.project_statistics - INFO - No README files found for theme extraction in project Unknown Project
2026-01-19 19:11:31 - src.core.report.project.project_statistics - INFO - No README files found for theme extraction in project Unknown Project
2026-01-19 19:11:31 - src.core.report.project.project_statistics - INFO - No README files found for theme extraction in project Unknown Project
2026-01-19 19:11:31 - src.core.report.project.project_statistics - INFO - No README files found for theme extraction in project Unknown Project
2026-01-19 19:11:31 - src.core.report.project.project_statistics - INFO - No README files found for theme extraction in project Unknown Project
2026-01-19 19:11:31 - src.core.report.project.project_statistics - INFO - No README files found for theme extraction in project Unknown Project
2026-01-19 19:11:31 - src.core.report.project.project_statistics - INFO - No README files found for theme extraction in project Unknown Project
2026-01-19 19:11:32 - src.core.report.project.project_statistics - INFO - No README files found for theme extraction in project Unknown Project
2026-01-19 19:11:32 - src.core.report.project.project_statistics - INFO - No README files found for theme extraction in project SoloProject
2026-01-19 19:11:32 - src.core.report.project.project_statistics - INFO - No README files found for theme extraction in project TeamProject
2026-01-19 19:11:32 - src.core.report.project.project_statistics - INFO - No README files found for theme extraction in project UnequalProject
2026-01-19 19:11:32 - src.core.report.project.project_statistics - INFO - No README files found for theme extraction in project UnequalProject
2026-01-19 19:11:32 - src.core.report.project.project_statistics - INFO - No README files found for theme extraction in project TeamProject
2026-01-19 19:11:32 - src.core.report.project.project_statistics - INFO - No README files found for theme extraction in project SoloProject
2026-01-19 19:11:32 - src.core.report.project.project_statistics - INFO - No README files found for theme extraction in project TeamProject
2026-01-19 19:11:32 - src.core.report.project.project_statistics - INFO - No README files found for theme extraction in project NonexistentProject
2026-01-19 19:11:32 - src.core.report.project.project_statistics - INFO - No README files found for theme extraction in project AnyProject
2026-01-19 19:11:32 - src.core.report.project.project_statistics - INFO - No README files found for theme extraction in project NoGitProject
2026-01-19 19:11:32 - src.core.report.project.project_statistics - INFO - No README files found for theme extraction in project SoloProject
2026-01-19 19:11:32 - src.core.report.project.project_statistics - INFO - No README files found for theme extraction in project SharedFile
2026-01-19 19:11:32 - src.core.report.project.project_statistics - INFO - No README files found for theme extraction in project EmptyRepo
2026-01-19 19:11:32 - src.core.report.project.project_statistics - INFO - No README files found for theme extraction in project RoundingProject
2026-01-19 19:11:32 - src.core.report.project.project_statistics - INFO - No README files found for theme extraction in project TeamProject
2026-01-19 19:11:32 - src.core.analyzer.analyzer_util - INFO - Skipping file fileA.py in project SelectiveProject
2026-01-19 19:11:32 - src.core.report.project.project_statistics - INFO - No README files found for theme extraction in project SelectiveProject
2026-01-19 19:11:32 - src.core.analyzer.analyzer_util - INFO - Skipping file fileA.py in project NoContributionProject
2026-01-19 19:11:32 - src.core.analyzer.analyzer_util - INFO - Skipping file fileB.py in project NoContributionProject
2026-01-19 19:11:32 - src.core.report.project.project_statistics - INFO - No README files found for theme extraction in project NoContributionProject
2026-01-19 19:11:33 - src.core.report.project.project_statistics - INFO - No README files found for theme extraction in project SingleAuthorProject
2026-01-19 19:11:33 - src.core.analyzer.analyzer_util - INFO - Skipping file fileB.py in project ThreeWayProject
2026-01-19 19:11:33 - src.core.analyzer.analyzer_util - INFO - Skipping file fileC.py in project ThreeWayProject
2026-01-19 19:11:33 - src.core.report.project.project_statistics - INFO - No README files found for theme extraction in project ThreeWayProject
2026-01-19 19:11:33 - src.core.report.project.project_statistics - INFO - README path not found for themes: Unknown Path/README.md
2026-01-19 19:11:33 - src.core.report.project.project_statistics - INFO - No README files found for theme extraction in project ProjectTagsTest
2026-01-19 19:11:39 - src.core.report.project.project_statistics - INFO - README path not found for themes: Unknown Path/README.md
2026-01-19 19:11:39 - src.core.report.project.project_statistics - INFO - No README files found for theme extraction in project ProjectTagsTest
2026-01-19 19:11:39 - src.core.ML.models.readme_analysis.readme_insights - INFO - Single README detected; using keyphrase fallback for themes
2026-01-19 19:11:39 - src.core.project_discovery.project_discovery - INFO - Directory /tmp/artifact_miner_7l2huvgn/bayesian-scRNAseq-label-transfer is a project.
2026-01-19 19:12:39 - src.core.ML.models.readme_analysis.readme_insights - ERROR - Failed to extract BERTopic themes for README corpus
Traceback (most recent call last):
  File "/workspaces/capstone-project-team-18/src/ML/models/readme_analysis/readme_insights.py", line 155, in extract_readme_themes_bulk
    topics, _ = model.fit_transform(texts)
                ^^^^^^^^^^^^^^^^^^^^^^^^^^
  File "/home/vscode/.local/lib/python3.12/site-packages/bertopic/_bertopic.py", line 477, in fit_transform
    umap_embeddings = self._reduce_dimensionality(embeddings, y)
                      ^^^^^^^^^^^^^^^^^^^^^^^^^^^^^^^^^^^^^^^^^^
  File "/home/vscode/.local/lib/python3.12/site-packages/bertopic/_bertopic.py", line 3944, in _reduce_dimensionality
    umap_embeddings = self.umap_model.fit_transform(embeddings, y=y)
                      ^^^^^^^^^^^^^^^^^^^^^^^^^^^^^^^^^^^^^^^^^^^^^^
  File "/home/vscode/.local/lib/python3.12/site-packages/umap/umap_.py", line 2935, in fit_transform
    self.fit(X, y, ensure_all_finite, **kwargs)
  File "/home/vscode/.local/lib/python3.12/site-packages/umap/umap_.py", line 2817, in fit
    self.embedding_, aux_data = self._fit_embed_data(
                                ^^^^^^^^^^^^^^^^^^^^^
  File "/home/vscode/.local/lib/python3.12/site-packages/umap/umap_.py", line 2872, in _fit_embed_data
    return simplicial_set_embedding(
           ^^^^^^^^^^^^^^^^^^^^^^^^^
  File "/home/vscode/.local/lib/python3.12/site-packages/umap/umap_.py", line 1089, in simplicial_set_embedding
    graph.data[graph.data < (graph.data.max() / float(n_epochs_max))] = 0.0
                             ^^^^^^^^^^^^^^^^
  File "/home/vscode/.local/lib/python3.12/site-packages/numpy/_core/_methods.py", line 43, in _amax
    return umr_maximum(a, axis, None, out, keepdims, initial, where)
           ^^^^^^^^^^^^^^^^^^^^^^^^^^^^^^^^^^^^^^^^^^^^^^^^^^^^^^^^^
ValueError: zero-size array to reduction operation maximum which has no identity
2026-01-19 19:12:39 - src.core.report.project.project_statistics - INFO - README theme extraction returned no themes for 2/2 documents in bayesian-scRNAseq-label-transfer
2026-01-19 19:12:39 - src.core.project_discovery.project_discovery - INFO - Directory /tmp/artifact_miner_jwl9utqn/bayesian-scRNAseq-label-transfer is a project.
2026-01-19 19:12:39 - src.core.analyzer.analyzer_util - INFO - Skipping file README.md in project bayesian-scRNAseq-label-transfer
2026-01-19 19:12:39 - src.core.analyzer.analyzer_util - INFO - Skipping file R/affix_ontogeny_labels.R in project bayesian-scRNAseq-label-transfer
2026-01-19 19:12:39 - src.core.analyzer.analyzer_util - INFO - Skipping file R/nearest_neighbors.R in project bayesian-scRNAseq-label-transfer
2026-01-19 19:12:39 - src.core.analyzer.analyzer_util - INFO - Skipping file R/bayesian_label_transfer_ontogeny.R in project bayesian-scRNAseq-label-transfer
2026-01-19 19:12:39 - src.core.analyzer.analyzer_util - INFO - Skipping file tutorial/tutorial_functions.R in project bayesian-scRNAseq-label-transfer
2026-01-19 19:12:39 - src.core.analyzer.analyzer_util - INFO - Skipping file tutorial/README.md in project bayesian-scRNAseq-label-transfer
2026-01-19 19:12:39 - src.core.analyzer.analyzer_util - INFO - Skipping file tutorial/tutorial.R in project bayesian-scRNAseq-label-transfer
2026-01-19 19:12:39 - src.core.report.project.project_statistics - INFO - No README files found for theme extraction in project bayesian-scRNAseq-label-transfer
2026-01-19 19:12:39 - src.core.project_discovery.project_discovery - INFO - Directory /tmp/artifact_miner__70_yc6t/bayesian-scRNAseq-label-transfer is a project.
2026-01-19 19:13:03 - src.core.ML.models.readme_analysis.readme_insights - ERROR - Failed to extract BERTopic themes for README corpus
Traceback (most recent call last):
  File "/workspaces/capstone-project-team-18/src/ML/models/readme_analysis/readme_insights.py", line 155, in extract_readme_themes_bulk
    topics, _ = model.fit_transform(texts)
                ^^^^^^^^^^^^^^^^^^^^^^^^^^
  File "/home/vscode/.local/lib/python3.12/site-packages/bertopic/_bertopic.py", line 477, in fit_transform
    umap_embeddings = self._reduce_dimensionality(embeddings, y)
                      ^^^^^^^^^^^^^^^^^^^^^^^^^^^^^^^^^^^^^^^^^^
  File "/home/vscode/.local/lib/python3.12/site-packages/bertopic/_bertopic.py", line 3944, in _reduce_dimensionality
    umap_embeddings = self.umap_model.fit_transform(embeddings, y=y)
                      ^^^^^^^^^^^^^^^^^^^^^^^^^^^^^^^^^^^^^^^^^^^^^^
  File "/home/vscode/.local/lib/python3.12/site-packages/umap/umap_.py", line 2935, in fit_transform
    self.fit(X, y, ensure_all_finite, **kwargs)
  File "/home/vscode/.local/lib/python3.12/site-packages/umap/umap_.py", line 2817, in fit
    self.embedding_, aux_data = self._fit_embed_data(
                                ^^^^^^^^^^^^^^^^^^^^^
  File "/home/vscode/.local/lib/python3.12/site-packages/umap/umap_.py", line 2872, in _fit_embed_data
    return simplicial_set_embedding(
           ^^^^^^^^^^^^^^^^^^^^^^^^^
  File "/home/vscode/.local/lib/python3.12/site-packages/umap/umap_.py", line 1089, in simplicial_set_embedding
    graph.data[graph.data < (graph.data.max() / float(n_epochs_max))] = 0.0
                             ^^^^^^^^^^^^^^^^
  File "/home/vscode/.local/lib/python3.12/site-packages/numpy/_core/_methods.py", line 43, in _amax
    return umr_maximum(a, axis, None, out, keepdims, initial, where)
           ^^^^^^^^^^^^^^^^^^^^^^^^^^^^^^^^^^^^^^^^^^^^^^^^^^^^^^^^^
ValueError: zero-size array to reduction operation maximum which has no identity
2026-01-19 19:13:03 - src.core.report.project.project_statistics - INFO - README theme extraction returned no themes for 2/2 documents in bayesian-scRNAseq-label-transfer
2026-01-19 19:13:03 - src.core.report.project.project_statistics - INFO - No README files found for theme extraction in project Unknown Project
2026-01-19 19:13:03 - src.core.report.project.project_statistics - INFO - No README files found for theme extraction in project Unknown Project
2026-01-19 19:13:03 - src.core.report.project.project_statistics - INFO - No README files found for theme extraction in project Unknown Project
2026-01-19 19:13:03 - src.core.report.project.project_statistics - INFO - No README files found for theme extraction in project Unknown Project
2026-01-19 19:13:03 - src.services.mining_service - INFO - Starting analysis for the zipped file
2026-01-19 19:13:03 - src.utils.pathing_utils - INFO - Extracting archive bytes using temporary file: /tmp/tmp_irar_yy.zip
2026-01-19 19:13:03 - src.core.project_discovery.project_discovery - INFO - Directory /tmp/artifact_miner_y__yglpg/Projects is NOT a project. Iterating through it's subfolders...
2026-01-19 19:13:03 - src.core.project_discovery.project_discovery - INFO - Directory /tmp/artifact_miner_y__yglpg/Projects/ProjectA is a project.
2026-01-19 19:13:03 - src.core.project_discovery.project_discovery - INFO - Directory /tmp/artifact_miner_y__yglpg/Projects/ProjectB is a project.
2026-01-19 19:13:03 - src.core.report.project.project_statistics - INFO - No README files found for theme extraction in project ProjectA
2026-01-19 19:13:03 - src.core.report.project.project_statistics - INFO - No README files found for theme extraction in project ProjectB
2026-01-19 19:13:03 - src.services.mining_service - INFO - Starting analysis for the zipped file
2026-01-19 19:13:03 - src.utils.pathing_utils - INFO - Extracting archive bytes using temporary file: /tmp/tmpmlyzlcd1.zip
2026-01-19 19:13:03 - src.core.project_discovery.project_discovery - INFO - Directory /tmp/artifact_miner_h1_rjd1m/empty_project is NOT a project. Iterating through it's subfolders...
2026-01-19 19:13:03 - src.services.mining_service - INFO - Starting analysis for the zipped file
2026-01-19 19:13:03 - src.utils.pathing_utils - INFO - Extracting archive bytes using temporary file: /tmp/tmpfg2bskoz.zip
2026-01-19 19:13:03 - src.core.project_discovery.project_discovery - INFO - Directory /tmp/artifact_miner_xz7u39eq/bayesian-scRNAseq-label-transfer is a project.
2026-01-19 19:13:03 - src.core.analyzer.analyzer_util - INFO - Skipping file README.md in project bayesian-scRNAseq-label-transfer
2026-01-19 19:13:03 - src.core.analyzer.analyzer_util - INFO - Skipping file R/affix_ontogeny_labels.R in project bayesian-scRNAseq-label-transfer
2026-01-19 19:13:03 - src.core.analyzer.analyzer_util - INFO - Skipping file R/nearest_neighbors.R in project bayesian-scRNAseq-label-transfer
2026-01-19 19:13:03 - src.core.analyzer.analyzer_util - INFO - Skipping file R/bayesian_label_transfer_ontogeny.R in project bayesian-scRNAseq-label-transfer
2026-01-19 19:13:03 - src.core.analyzer.analyzer_util - INFO - Skipping file tutorial/tutorial_functions.R in project bayesian-scRNAseq-label-transfer
2026-01-19 19:13:03 - src.core.analyzer.analyzer_util - INFO - Skipping file tutorial/README.md in project bayesian-scRNAseq-label-transfer
2026-01-19 19:13:03 - src.core.analyzer.analyzer_util - INFO - Skipping file tutorial/tutorial.R in project bayesian-scRNAseq-label-transfer
2026-01-19 19:13:03 - src.utils.pathing_utils - INFO - Using py7zr fallback for .7z extraction
2026-01-19 19:13:03 - src.utils.pathing_utils - INFO - Extracting archive bytes using temporary file: /tmp/tmp77lfs5bg.zip
2026-01-19 19:13:03 - src.utils.pathing_utils - INFO - Extracting archive bytes using temporary file: /tmp/tmp3cwkm4du.tar.gz
2026-01-19 19:13:03 - src.utils.pathing_utils - INFO - Extracting archive bytes using temporary file: /tmp/tmpdgzt5q3c.7z
2026-01-19 19:13:03 - src.utils.pathing_utils - INFO - Using py7zr fallback for .7z extraction
2026-01-19 19:47:15 - src.core.analyzer.analyzer_util - INFO - Skipping file test.js in project test_project
2026-01-19 19:47:15 - src.core.analyzer.analyzer_util - INFO - Skipping file test.html in project test_project
2026-01-19 19:47:17 - src.infrastructure.database.utils.database_access - INFO - Building ProjectReport obj for project with name proj
2026-01-19 19:47:17 - src.core.project_discovery.project_discovery - INFO - Directory /tmp/pytest-of-vscode/pytest-27/test_discover_multiple_project0/extracted/Assignment2 is a project.
2026-01-19 19:47:17 - src.core.project_discovery.project_discovery - INFO - Directory /tmp/pytest-of-vscode/pytest-27/test_discover_multiple_project0/extracted/Assignment1 is a project.
2026-01-19 19:47:17 - src.core.project_discovery.project_discovery - INFO - Directory /tmp/pytest-of-vscode/pytest-27/test_discover_multiple_project0/extracted/FinalProject is a project.
2026-01-19 19:47:17 - src.core.project_discovery.project_discovery - INFO - Directory /tmp/pytest-of-vscode/pytest-27/test_discover_git_projects0/SoloProject is a project.
2026-01-19 19:47:17 - src.core.project_discovery.project_discovery - INFO - Directory /tmp/pytest-of-vscode/pytest-27/test_discover_git_projects0/TeamProject is a project.
2026-01-19 19:47:17 - src.core.project_discovery.project_discovery - INFO - Directory /tmp/pytest-of-vscode/pytest-27/test_no_git_projects0/nogit_extracted/BasicProject is a project.
2026-01-19 19:47:17 - src.core.project_discovery.project_discovery - INFO - Directory /tmp/pytest-of-vscode/pytest-27/test_mac_zip_structure0/mac_extracted/Projects is NOT a project. Iterating through it's subfolders...
2026-01-19 19:47:17 - src.core.project_discovery.project_discovery - INFO - Directory /tmp/pytest-of-vscode/pytest-27/test_mac_zip_structure0/mac_extracted/Projects/ProjectA is a project.
2026-01-19 19:47:17 - src.core.project_discovery.project_discovery - INFO - Directory /tmp/pytest-of-vscode/pytest-27/test_mac_zip_structure0/mac_extracted/Projects/ProjectB is a project.
2026-01-19 19:47:28 - src.core.analyzer.analyzer_util - INFO - Skipping file app/main.py in project RealisticProject
2026-01-19 19:47:28 - src.core.analyzer.analyzer_util - INFO - Skipping file scripts/bootstrap.sh in project RealisticProject
2026-01-19 19:47:47 - src.core.analyzer.analyzer_util - INFO - Skipping file test.js in project test_project
2026-01-19 19:47:47 - src.core.analyzer.analyzer_util - INFO - Skipping file test.html in project test_project
2026-01-19 19:47:48 - src.infrastructure.database.utils.database_access - INFO - Building ProjectReport obj for project with name proj
2026-01-19 19:47:48 - src.core.project_discovery.project_discovery - INFO - Directory /tmp/pytest-of-vscode/pytest-28/test_discover_multiple_project0/extracted/Assignment2 is a project.
2026-01-19 19:47:48 - src.core.project_discovery.project_discovery - INFO - Directory /tmp/pytest-of-vscode/pytest-28/test_discover_multiple_project0/extracted/Assignment1 is a project.
2026-01-19 19:47:48 - src.core.project_discovery.project_discovery - INFO - Directory /tmp/pytest-of-vscode/pytest-28/test_discover_multiple_project0/extracted/FinalProject is a project.
2026-01-19 19:47:48 - src.core.project_discovery.project_discovery - INFO - Directory /tmp/pytest-of-vscode/pytest-28/test_discover_git_projects0/SoloProject is a project.
2026-01-19 19:47:48 - src.core.project_discovery.project_discovery - INFO - Directory /tmp/pytest-of-vscode/pytest-28/test_discover_git_projects0/TeamProject is a project.
2026-01-19 19:47:48 - src.core.project_discovery.project_discovery - INFO - Directory /tmp/pytest-of-vscode/pytest-28/test_no_git_projects0/nogit_extracted/BasicProject is a project.
2026-01-19 19:47:48 - src.core.project_discovery.project_discovery - INFO - Directory /tmp/pytest-of-vscode/pytest-28/test_mac_zip_structure0/mac_extracted/Projects is NOT a project. Iterating through it's subfolders...
2026-01-19 19:47:48 - src.core.project_discovery.project_discovery - INFO - Directory /tmp/pytest-of-vscode/pytest-28/test_mac_zip_structure0/mac_extracted/Projects/ProjectA is a project.
2026-01-19 19:47:48 - src.core.project_discovery.project_discovery - INFO - Directory /tmp/pytest-of-vscode/pytest-28/test_mac_zip_structure0/mac_extracted/Projects/ProjectB is a project.
2026-01-19 19:48:01 - src.core.analyzer.analyzer_util - INFO - Skipping file app/main.py in project RealisticProject
2026-01-19 19:48:01 - src.core.analyzer.analyzer_util - INFO - Skipping file scripts/bootstrap.sh in project RealisticProject
2026-01-19 19:48:12 - src.core.analyzer.analyzer_util - INFO - Skipping file fileA.py in project SelectiveProject
2026-01-19 19:48:12 - src.core.analyzer.analyzer_util - INFO - Skipping file fileA.py in project NoContributionProject
2026-01-19 19:48:12 - src.core.analyzer.analyzer_util - INFO - Skipping file fileB.py in project NoContributionProject
2026-01-19 19:48:12 - src.core.analyzer.analyzer_util - INFO - Skipping file fileB.py in project ThreeWayProject
2026-01-19 19:48:12 - src.core.analyzer.analyzer_util - INFO - Skipping file fileC.py in project ThreeWayProject
2026-01-19 19:48:20 - src.core.ML.models.readme_analysis.readme_insights - INFO - Single README detected; using keyphrase fallback for themes
2026-01-19 19:48:20 - src.core.project_discovery.project_discovery - INFO - Directory /tmp/artifact_miner_vid8vd9w/bayesian-scRNAseq-label-transfer is a project.
2026-01-19 19:49:13 - src.core.project_discovery.project_discovery - INFO - Directory /tmp/artifact_miner_surq1y8t/bayesian-scRNAseq-label-transfer is a project.
2026-01-19 19:49:13 - src.core.analyzer.analyzer_util - INFO - Skipping file README.md in project bayesian-scRNAseq-label-transfer
2026-01-19 19:49:13 - src.core.analyzer.analyzer_util - INFO - Skipping file R/affix_ontogeny_labels.R in project bayesian-scRNAseq-label-transfer
2026-01-19 19:49:13 - src.core.analyzer.analyzer_util - INFO - Skipping file R/nearest_neighbors.R in project bayesian-scRNAseq-label-transfer
2026-01-19 19:49:13 - src.core.analyzer.analyzer_util - INFO - Skipping file R/bayesian_label_transfer_ontogeny.R in project bayesian-scRNAseq-label-transfer
2026-01-19 19:49:13 - src.core.analyzer.analyzer_util - INFO - Skipping file tutorial/tutorial_functions.R in project bayesian-scRNAseq-label-transfer
2026-01-19 19:49:13 - src.core.analyzer.analyzer_util - INFO - Skipping file tutorial/README.md in project bayesian-scRNAseq-label-transfer
2026-01-19 19:49:13 - src.core.analyzer.analyzer_util - INFO - Skipping file tutorial/tutorial.R in project bayesian-scRNAseq-label-transfer
2026-01-19 19:49:13 - src.core.project_discovery.project_discovery - INFO - Directory /tmp/artifact_miner_o09yomdu/bayesian-scRNAseq-label-transfer is a project.
2026-01-19 19:49:49 - src.services.mining_service - INFO - Starting analysis for the zipped file
2026-01-19 19:49:49 - src.utils.pathing_utils - INFO - Extracting archive bytes using temporary file: /tmp/tmpcahm5gxz.zip
2026-01-19 19:49:49 - src.core.project_discovery.project_discovery - INFO - Directory /tmp/artifact_miner_7i5k3sj5/Projects is NOT a project. Iterating through it's subfolders...
2026-01-19 19:49:49 - src.core.project_discovery.project_discovery - INFO - Directory /tmp/artifact_miner_7i5k3sj5/Projects/ProjectA is a project.
2026-01-19 19:49:49 - src.core.project_discovery.project_discovery - INFO - Directory /tmp/artifact_miner_7i5k3sj5/Projects/ProjectB is a project.
2026-01-19 19:49:49 - src.services.mining_service - INFO - Starting analysis for the zipped file
2026-01-19 19:49:49 - src.utils.pathing_utils - INFO - Extracting archive bytes using temporary file: /tmp/tmpjnfhwvoi.zip
2026-01-19 19:49:49 - src.core.project_discovery.project_discovery - INFO - Directory /tmp/artifact_miner_fu7rnmes/empty_project is NOT a project. Iterating through it's subfolders...
2026-01-19 19:49:49 - src.services.mining_service - INFO - Starting analysis for the zipped file
2026-01-19 19:49:49 - src.utils.pathing_utils - INFO - Extracting archive bytes using temporary file: /tmp/tmplbgaic1d.zip
2026-01-19 19:49:49 - src.core.project_discovery.project_discovery - INFO - Directory /tmp/artifact_miner_lhtg1rpa/bayesian-scRNAseq-label-transfer is a project.
2026-01-19 19:49:49 - src.core.analyzer.analyzer_util - INFO - Skipping file README.md in project bayesian-scRNAseq-label-transfer
2026-01-19 19:49:49 - src.core.analyzer.analyzer_util - INFO - Skipping file R/affix_ontogeny_labels.R in project bayesian-scRNAseq-label-transfer
2026-01-19 19:49:49 - src.core.analyzer.analyzer_util - INFO - Skipping file R/nearest_neighbors.R in project bayesian-scRNAseq-label-transfer
2026-01-19 19:49:49 - src.core.analyzer.analyzer_util - INFO - Skipping file R/bayesian_label_transfer_ontogeny.R in project bayesian-scRNAseq-label-transfer
2026-01-19 19:49:49 - src.core.analyzer.analyzer_util - INFO - Skipping file tutorial/tutorial_functions.R in project bayesian-scRNAseq-label-transfer
2026-01-19 19:49:49 - src.core.analyzer.analyzer_util - INFO - Skipping file tutorial/README.md in project bayesian-scRNAseq-label-transfer
2026-01-19 19:49:49 - src.core.analyzer.analyzer_util - INFO - Skipping file tutorial/tutorial.R in project bayesian-scRNAseq-label-transfer
2026-01-19 19:49:50 - src.utils.pathing_utils - INFO - Using py7zr fallback for .7z extraction
2026-01-19 19:49:50 - src.utils.pathing_utils - INFO - Extracting archive bytes using temporary file: /tmp/tmpr9phi_k9.zip
2026-01-19 19:49:50 - src.utils.pathing_utils - INFO - Extracting archive bytes using temporary file: /tmp/tmp6rl6c2ms.tar.gz
2026-01-19 19:49:50 - src.utils.pathing_utils - INFO - Extracting archive bytes using temporary file: /tmp/tmpr82dn8ga.7z
2026-01-19 19:49:50 - src.utils.pathing_utils - INFO - Using py7zr fallback for .7z extraction
2026-01-19 19:56:55 - src.core.report.project.project_statistics - INFO - No README files found for theme extraction in project Unknown Project
2026-01-19 19:56:55 - src.core.report.project.project_statistics - INFO - No README files found for theme extraction in project Unknown Project
2026-01-19 19:56:58 - src.core.report.project.project_statistics - INFO - No README files found for theme extraction in project Project1
2026-01-19 19:56:58 - src.core.report.project.project_statistics - INFO - No README files found for theme extraction in project Project2
2026-01-19 19:56:59 - src.core.report.project.project_statistics - INFO - No README files found for theme extraction in project Project1
2026-01-19 19:56:59 - src.core.report.project.project_statistics - INFO - No README files found for theme extraction in project Project2
2026-01-19 19:56:59 - src.core.report.project.project_statistics - INFO - No README files found for theme extraction in project Project1
2026-01-19 19:56:59 - src.core.report.project.project_statistics - INFO - No README files found for theme extraction in project Project2
2026-01-19 19:57:02 - src.core.report.project.project_statistics - INFO - No README files found for theme extraction in project Project1
2026-01-19 19:57:02 - src.core.report.project.project_statistics - INFO - No README files found for theme extraction in project Project2
2026-01-19 19:57:02 - src.infrastructure.database.utils.database_access - INFO - Building ProjectReport obj for project with name Project2
2026-01-19 19:57:02 - src.core.report.project.project_statistics - INFO - No README files found for theme extraction in project Project1
2026-01-19 19:57:02 - src.core.report.project.project_statistics - INFO - No README files found for theme extraction in project Project2
2026-01-19 19:57:03 - src.core.report.project.project_statistics - INFO - No README files found for theme extraction in project Project1
2026-01-19 19:57:03 - src.core.report.project.project_statistics - INFO - No README files found for theme extraction in project Project2
2026-01-19 19:57:03 - src.core.report.project.project_statistics - INFO - No README files found for theme extraction in project Unknown Project
2026-01-19 19:57:03 - src.infrastructure.database.utils.database_access - INFO - Building ProjectReport obj for project with name noFileReports
2026-01-19 19:57:03 - src.core.report.project.project_statistics - INFO - No README files found for theme extraction in project Project1
2026-01-19 19:57:03 - src.core.report.project.project_statistics - INFO - No README files found for theme extraction in project Project2
2026-01-19 19:57:03 - src.core.report.project.project_statistics - INFO - No README files found for theme extraction in project Unknown Project
2026-01-19 19:57:03 - src.core.report.project.project_statistics - INFO - No README files found for theme extraction in project Unknown Project
2026-01-19 19:57:03 - src.core.report.project.project_statistics - INFO - No README files found for theme extraction in project Project1
2026-01-19 19:57:03 - src.core.report.project.project_statistics - INFO - No README files found for theme extraction in project Project2
2026-01-19 19:57:03 - src.infrastructure.database.utils.database_access - INFO - Building ProjectReport obj for project with name Project1
2026-01-19 19:57:03 - src.infrastructure.database.utils.database_access - INFO - Building ProjectReport obj for project with name Project2
2026-01-19 19:57:03 - src.infrastructure.database.utils.database_access - INFO - Building ProjectReport obj for project with name proj
2026-01-19 19:57:06 - src.core.report.project.project_statistics - INFO - No README files found for theme extraction in project Project1
2026-01-19 19:57:06 - src.core.report.project.project_statistics - INFO - No README files found for theme extraction in project Project2
2026-01-19 19:57:06 - src.infrastructure.database.utils.database_access - INFO - Building ProjectReport obj for project with name Project1
2026-01-19 19:57:06 - src.infrastructure.database.utils.database_access - INFO - Building ProjectReport obj for project with name Project2
2026-01-19 19:57:06 - src.core.report.project.project_statistics - INFO - No README files found for theme extraction in project Project1
2026-01-19 19:57:06 - src.core.report.project.project_statistics - INFO - No README files found for theme extraction in project Project2
2026-01-19 19:57:06 - src.core.report.project.project_statistics - INFO - No README files found for theme extraction in project Project1
2026-01-19 19:57:06 - src.core.report.project.project_statistics - INFO - No README files found for theme extraction in project Project2
2026-01-19 19:57:09 - src.core.report.project.project_statistics - INFO - No README files found for theme extraction in project Project1
2026-01-19 19:57:09 - src.core.report.project.project_statistics - INFO - No README files found for theme extraction in project Project2
2026-01-19 19:57:09 - src.core.report.project.project_statistics - INFO - No README files found for theme extraction in project Project1
2026-01-19 19:57:09 - src.core.report.project.project_statistics - INFO - No README files found for theme extraction in project Project2
2026-01-19 19:57:09 - src.core.report.project.project_statistics - INFO - No README files found for theme extraction in project Project1
2026-01-19 19:57:09 - src.core.report.project.project_statistics - INFO - No README files found for theme extraction in project Project2
2026-01-19 19:57:14 - src.core.project_discovery.project_discovery - INFO - Directory /tmp/pytest-of-vscode/pytest-33/test_discover_multiple_project0/extracted/Assignment2 is a project.
2026-01-19 19:57:14 - src.core.project_discovery.project_discovery - INFO - Directory /tmp/pytest-of-vscode/pytest-33/test_discover_multiple_project0/extracted/Assignment1 is a project.
2026-01-19 19:57:14 - src.core.project_discovery.project_discovery - INFO - Directory /tmp/pytest-of-vscode/pytest-33/test_discover_multiple_project0/extracted/FinalProject is a project.
2026-01-19 19:57:14 - src.core.project_discovery.project_discovery - INFO - Directory /tmp/pytest-of-vscode/pytest-33/test_discover_git_projects0/SoloProject is a project.
2026-01-19 19:57:14 - src.core.project_discovery.project_discovery - INFO - Directory /tmp/pytest-of-vscode/pytest-33/test_discover_git_projects0/TeamProject is a project.
2026-01-19 19:57:14 - src.core.report.project.project_statistics - INFO - No README files found for theme extraction in project SoloProject
2026-01-19 19:57:14 - src.core.report.project.project_statistics - INFO - No README files found for theme extraction in project TeamProject
2026-01-19 19:57:14 - src.core.project_discovery.project_discovery - INFO - Directory /tmp/pytest-of-vscode/pytest-33/test_no_git_projects0/nogit_extracted/BasicProject is a project.
2026-01-19 19:57:14 - src.core.report.project.project_statistics - INFO - No README files found for theme extraction in project BasicProject
2026-01-19 19:57:14 - src.core.project_discovery.project_discovery - INFO - Directory /tmp/pytest-of-vscode/pytest-33/test_mac_zip_structure0/mac_extracted/Projects is NOT a project. Iterating through it's subfolders...
2026-01-19 19:57:14 - src.core.project_discovery.project_discovery - INFO - Directory /tmp/pytest-of-vscode/pytest-33/test_mac_zip_structure0/mac_extracted/Projects/ProjectA is a project.
2026-01-19 19:57:14 - src.core.project_discovery.project_discovery - INFO - Directory /tmp/pytest-of-vscode/pytest-33/test_mac_zip_structure0/mac_extracted/Projects/ProjectB is a project.
2026-01-19 19:57:15 - src.core.report.project.project_statistics - INFO - No README files found for theme extraction in project SoloProject
2026-01-19 19:57:15 - src.core.report.project.project_statistics - INFO - No README files found for theme extraction in project TeamProject
2026-01-19 19:57:32 - src.core.ML.models.readme_analysis.readme_insights - INFO - Single README detected; using keyphrase fallback for themes
2026-01-19 19:57:32 - src.core.ML.models.readme_analysis.readme_insights - INFO - Single README detected; using keyphrase fallback for themes
2026-01-19 19:57:32 - src.core.analyzer.analyzer_util - INFO - Skipping file app/main.py in project RealisticProject
2026-01-19 19:57:32 - src.core.analyzer.analyzer_util - INFO - Skipping file scripts/bootstrap.sh in project RealisticProject
2026-01-19 19:57:38 - src.core.ML.models.readme_analysis.readme_insights - INFO - Single README detected; using keyphrase fallback for themes
2026-01-19 19:57:38 - src.core.report.project.project_statistics - INFO - No README files found for theme extraction in project Unknown Project
2026-01-19 19:57:38 - src.core.report.project.project_statistics - INFO - No README files found for theme extraction in project Unknown Project
2026-01-19 19:57:38 - src.core.report.project.project_statistics - INFO - No README files found for theme extraction in project Unknown Project
2026-01-19 19:57:38 - src.core.report.project.project_statistics - INFO - No README files found for theme extraction in project Unknown Project
2026-01-19 19:57:38 - src.core.report.project.project_statistics - INFO - No README files found for theme extraction in project Unknown Project
2026-01-19 19:57:38 - src.core.report.project.project_statistics - INFO - No README files found for theme extraction in project Unknown Project
2026-01-19 19:57:38 - src.core.report.project.project_statistics - INFO - No README files found for theme extraction in project Unknown Project
2026-01-19 19:57:38 - src.core.report.project.project_statistics - INFO - No README files found for theme extraction in project Unknown Project
2026-01-19 19:57:39 - src.core.report.project.project_statistics - INFO - No README files found for theme extraction in project SoloProject
2026-01-19 19:57:39 - src.core.report.project.project_statistics - INFO - No README files found for theme extraction in project TeamProject
2026-01-19 19:57:39 - src.core.report.project.project_statistics - INFO - No README files found for theme extraction in project UnequalProject
2026-01-19 19:57:39 - src.core.report.project.project_statistics - INFO - No README files found for theme extraction in project UnequalProject
2026-01-19 19:57:39 - src.core.report.project.project_statistics - INFO - No README files found for theme extraction in project TeamProject
2026-01-19 19:57:39 - src.core.report.project.project_statistics - INFO - No README files found for theme extraction in project SoloProject
2026-01-19 19:57:39 - src.core.report.project.project_statistics - INFO - No README files found for theme extraction in project TeamProject
2026-01-19 19:57:39 - src.core.report.project.project_statistics - INFO - No README files found for theme extraction in project NonexistentProject
2026-01-19 19:57:39 - src.core.report.project.project_statistics - INFO - No README files found for theme extraction in project AnyProject
2026-01-19 19:57:39 - src.core.report.project.project_statistics - INFO - No README files found for theme extraction in project NoGitProject
2026-01-19 19:57:39 - src.core.report.project.project_statistics - INFO - No README files found for theme extraction in project SoloProject
2026-01-19 19:57:39 - src.core.report.project.project_statistics - INFO - No README files found for theme extraction in project SharedFile
2026-01-19 19:57:39 - src.core.report.project.project_statistics - INFO - No README files found for theme extraction in project EmptyRepo
2026-01-19 19:57:39 - src.core.report.project.project_statistics - INFO - No README files found for theme extraction in project RoundingProject
2026-01-19 19:57:39 - src.core.report.project.project_statistics - INFO - No README files found for theme extraction in project TeamProject
2026-01-19 19:57:39 - src.core.analyzer.analyzer_util - INFO - Skipping file fileA.py in project SelectiveProject
2026-01-19 19:57:39 - src.core.report.project.project_statistics - INFO - No README files found for theme extraction in project SelectiveProject
2026-01-19 19:57:39 - src.core.analyzer.analyzer_util - INFO - Skipping file fileA.py in project NoContributionProject
2026-01-19 19:57:39 - src.core.analyzer.analyzer_util - INFO - Skipping file fileB.py in project NoContributionProject
2026-01-19 19:57:39 - src.core.report.project.project_statistics - INFO - No README files found for theme extraction in project NoContributionProject
2026-01-19 19:57:39 - src.core.report.project.project_statistics - INFO - No README files found for theme extraction in project SingleAuthorProject
2026-01-19 19:57:39 - src.core.analyzer.analyzer_util - INFO - Skipping file fileB.py in project ThreeWayProject
2026-01-19 19:57:39 - src.core.analyzer.analyzer_util - INFO - Skipping file fileC.py in project ThreeWayProject
2026-01-19 19:57:39 - src.core.report.project.project_statistics - INFO - No README files found for theme extraction in project ThreeWayProject
2026-01-19 19:57:39 - src.core.report.project.project_statistics - INFO - README path not found for themes: Unknown Path/README.md
2026-01-19 19:57:39 - src.core.report.project.project_statistics - INFO - No README files found for theme extraction in project ProjectTagsTest
2026-01-19 19:57:44 - src.core.report.project.project_statistics - INFO - README path not found for themes: Unknown Path/README.md
2026-01-19 19:57:44 - src.core.report.project.project_statistics - INFO - No README files found for theme extraction in project ProjectTagsTest
2026-01-19 19:57:44 - src.core.ML.models.readme_analysis.readme_insights - INFO - Single README detected; using keyphrase fallback for themes
2026-01-19 19:57:44 - src.core.project_discovery.project_discovery - INFO - Directory /tmp/artifact_miner_yqijmafw/bayesian-scRNAseq-label-transfer is a project.
2026-01-19 19:58:40 - src.core.ML.models.readme_analysis.readme_insights - ERROR - Failed to extract BERTopic themes for README corpus
Traceback (most recent call last):
  File "/workspaces/capstone-project-team-18/src/core/ML/models/readme_analysis/readme_insights.py", line 155, in extract_readme_themes_bulk
    topics, _ = model.fit_transform(texts)
                ^^^^^^^^^^^^^^^^^^^^^^^^^^
  File "/home/vscode/.local/lib/python3.12/site-packages/bertopic/_bertopic.py", line 477, in fit_transform
    umap_embeddings = self._reduce_dimensionality(embeddings, y)
                      ^^^^^^^^^^^^^^^^^^^^^^^^^^^^^^^^^^^^^^^^^^
  File "/home/vscode/.local/lib/python3.12/site-packages/bertopic/_bertopic.py", line 3944, in _reduce_dimensionality
    umap_embeddings = self.umap_model.fit_transform(embeddings, y=y)
                      ^^^^^^^^^^^^^^^^^^^^^^^^^^^^^^^^^^^^^^^^^^^^^^
  File "/home/vscode/.local/lib/python3.12/site-packages/umap/umap_.py", line 2935, in fit_transform
    self.fit(X, y, ensure_all_finite, **kwargs)
  File "/home/vscode/.local/lib/python3.12/site-packages/umap/umap_.py", line 2817, in fit
    self.embedding_, aux_data = self._fit_embed_data(
                                ^^^^^^^^^^^^^^^^^^^^^
  File "/home/vscode/.local/lib/python3.12/site-packages/umap/umap_.py", line 2872, in _fit_embed_data
    return simplicial_set_embedding(
           ^^^^^^^^^^^^^^^^^^^^^^^^^
  File "/home/vscode/.local/lib/python3.12/site-packages/umap/umap_.py", line 1089, in simplicial_set_embedding
    graph.data[graph.data < (graph.data.max() / float(n_epochs_max))] = 0.0
                             ^^^^^^^^^^^^^^^^
  File "/home/vscode/.local/lib/python3.12/site-packages/numpy/_core/_methods.py", line 43, in _amax
    return umr_maximum(a, axis, None, out, keepdims, initial, where)
           ^^^^^^^^^^^^^^^^^^^^^^^^^^^^^^^^^^^^^^^^^^^^^^^^^^^^^^^^^
ValueError: zero-size array to reduction operation maximum which has no identity
2026-01-19 19:58:40 - src.core.report.project.project_statistics - INFO - README theme extraction returned no themes for 2/2 documents in bayesian-scRNAseq-label-transfer
2026-01-19 19:58:40 - src.core.project_discovery.project_discovery - INFO - Directory /tmp/artifact_miner_eiff37o4/bayesian-scRNAseq-label-transfer is a project.
2026-01-19 19:58:40 - src.core.analyzer.analyzer_util - INFO - Skipping file README.md in project bayesian-scRNAseq-label-transfer
2026-01-19 19:58:40 - src.core.analyzer.analyzer_util - INFO - Skipping file R/affix_ontogeny_labels.R in project bayesian-scRNAseq-label-transfer
2026-01-19 19:58:40 - src.core.analyzer.analyzer_util - INFO - Skipping file R/nearest_neighbors.R in project bayesian-scRNAseq-label-transfer
2026-01-19 19:58:40 - src.core.analyzer.analyzer_util - INFO - Skipping file R/bayesian_label_transfer_ontogeny.R in project bayesian-scRNAseq-label-transfer
2026-01-19 19:58:40 - src.core.analyzer.analyzer_util - INFO - Skipping file tutorial/tutorial_functions.R in project bayesian-scRNAseq-label-transfer
2026-01-19 19:58:40 - src.core.analyzer.analyzer_util - INFO - Skipping file tutorial/README.md in project bayesian-scRNAseq-label-transfer
2026-01-19 19:58:40 - src.core.analyzer.analyzer_util - INFO - Skipping file tutorial/tutorial.R in project bayesian-scRNAseq-label-transfer
2026-01-19 19:58:40 - src.core.report.project.project_statistics - INFO - No README files found for theme extraction in project bayesian-scRNAseq-label-transfer
2026-01-19 19:58:40 - src.core.project_discovery.project_discovery - INFO - Directory /tmp/artifact_miner_2y_7dioc/bayesian-scRNAseq-label-transfer is a project.
2026-01-19 19:59:17 - src.core.ML.models.readme_analysis.readme_insights - ERROR - Failed to extract BERTopic themes for README corpus
Traceback (most recent call last):
  File "/workspaces/capstone-project-team-18/src/core/ML/models/readme_analysis/readme_insights.py", line 155, in extract_readme_themes_bulk
    topics, _ = model.fit_transform(texts)
                ^^^^^^^^^^^^^^^^^^^^^^^^^^
  File "/home/vscode/.local/lib/python3.12/site-packages/bertopic/_bertopic.py", line 477, in fit_transform
    umap_embeddings = self._reduce_dimensionality(embeddings, y)
                      ^^^^^^^^^^^^^^^^^^^^^^^^^^^^^^^^^^^^^^^^^^
  File "/home/vscode/.local/lib/python3.12/site-packages/bertopic/_bertopic.py", line 3944, in _reduce_dimensionality
    umap_embeddings = self.umap_model.fit_transform(embeddings, y=y)
                      ^^^^^^^^^^^^^^^^^^^^^^^^^^^^^^^^^^^^^^^^^^^^^^
  File "/home/vscode/.local/lib/python3.12/site-packages/umap/umap_.py", line 2935, in fit_transform
    self.fit(X, y, ensure_all_finite, **kwargs)
  File "/home/vscode/.local/lib/python3.12/site-packages/umap/umap_.py", line 2817, in fit
    self.embedding_, aux_data = self._fit_embed_data(
                                ^^^^^^^^^^^^^^^^^^^^^
  File "/home/vscode/.local/lib/python3.12/site-packages/umap/umap_.py", line 2872, in _fit_embed_data
    return simplicial_set_embedding(
           ^^^^^^^^^^^^^^^^^^^^^^^^^
  File "/home/vscode/.local/lib/python3.12/site-packages/umap/umap_.py", line 1089, in simplicial_set_embedding
    graph.data[graph.data < (graph.data.max() / float(n_epochs_max))] = 0.0
                             ^^^^^^^^^^^^^^^^
  File "/home/vscode/.local/lib/python3.12/site-packages/numpy/_core/_methods.py", line 43, in _amax
    return umr_maximum(a, axis, None, out, keepdims, initial, where)
           ^^^^^^^^^^^^^^^^^^^^^^^^^^^^^^^^^^^^^^^^^^^^^^^^^^^^^^^^^
ValueError: zero-size array to reduction operation maximum which has no identity
2026-01-19 19:59:17 - src.core.report.project.project_statistics - INFO - README theme extraction returned no themes for 2/2 documents in bayesian-scRNAseq-label-transfer
2026-01-19 19:59:17 - src.core.report.project.project_statistics - INFO - No README files found for theme extraction in project Unknown Project
2026-01-19 19:59:17 - src.core.report.project.project_statistics - INFO - No README files found for theme extraction in project Unknown Project
2026-01-19 19:59:17 - src.core.report.project.project_statistics - INFO - No README files found for theme extraction in project Unknown Project
2026-01-19 19:59:17 - src.core.report.project.project_statistics - INFO - No README files found for theme extraction in project Unknown Project
2026-01-19 19:59:46 - src.services.mining_service - INFO - Starting analysis for the zipped file
2026-01-19 19:59:46 - src.utils.pathing_utils - INFO - Extracting archive bytes using temporary file: /tmp/tmpdns5huby.zip
2026-01-19 19:59:46 - src.core.project_discovery.project_discovery - INFO - Directory /tmp/artifact_miner__1rp6xx5/Projects is NOT a project. Iterating through it's subfolders...
2026-01-19 19:59:46 - src.core.project_discovery.project_discovery - INFO - Directory /tmp/artifact_miner__1rp6xx5/Projects/ProjectA is a project.
2026-01-19 19:59:46 - src.core.project_discovery.project_discovery - INFO - Directory /tmp/artifact_miner__1rp6xx5/Projects/ProjectB is a project.
2026-01-19 19:59:46 - src.core.report.project.project_statistics - INFO - No README files found for theme extraction in project ProjectA
2026-01-19 19:59:46 - src.core.report.project.project_statistics - INFO - No README files found for theme extraction in project ProjectB
2026-01-19 19:59:46 - src.services.mining_service - INFO - Starting analysis for the zipped file
2026-01-19 19:59:46 - src.utils.pathing_utils - INFO - Extracting archive bytes using temporary file: /tmp/tmp4der1fcg.zip
2026-01-19 19:59:46 - src.core.project_discovery.project_discovery - INFO - Directory /tmp/artifact_miner_uyhxw68b/empty_project is NOT a project. Iterating through it's subfolders...
2026-01-19 19:59:46 - src.services.mining_service - INFO - Starting analysis for the zipped file
2026-01-19 19:59:46 - src.utils.pathing_utils - INFO - Extracting archive bytes using temporary file: /tmp/tmpua0ixlql.zip
2026-01-19 19:59:46 - src.core.project_discovery.project_discovery - INFO - Directory /tmp/artifact_miner_zly28qan/bayesian-scRNAseq-label-transfer is a project.
2026-01-19 19:59:46 - src.core.analyzer.analyzer_util - INFO - Skipping file README.md in project bayesian-scRNAseq-label-transfer
2026-01-19 19:59:46 - src.core.analyzer.analyzer_util - INFO - Skipping file R/affix_ontogeny_labels.R in project bayesian-scRNAseq-label-transfer
2026-01-19 19:59:46 - src.core.analyzer.analyzer_util - INFO - Skipping file R/nearest_neighbors.R in project bayesian-scRNAseq-label-transfer
2026-01-19 19:59:46 - src.core.analyzer.analyzer_util - INFO - Skipping file R/bayesian_label_transfer_ontogeny.R in project bayesian-scRNAseq-label-transfer
2026-01-19 19:59:46 - src.core.analyzer.analyzer_util - INFO - Skipping file tutorial/tutorial_functions.R in project bayesian-scRNAseq-label-transfer
2026-01-19 19:59:46 - src.core.analyzer.analyzer_util - INFO - Skipping file tutorial/README.md in project bayesian-scRNAseq-label-transfer
2026-01-19 19:59:46 - src.core.analyzer.analyzer_util - INFO - Skipping file tutorial/tutorial.R in project bayesian-scRNAseq-label-transfer
